<?xml version="1.0" encoding="UTF-8"?>
<testng-results skipped="0" failed="0" ignored="0" total="4" passed="4">
  <reporter-output>
  </reporter-output>
  <suite name="Suite" duration-ms="68" started-at="2020-07-11T12:28:24 IST" finished-at="2020-07-11T12:28:24 IST">
    <groups>
    </groups>
    <test name="Test" duration-ms="68" started-at="2020-07-11T12:28:24 IST" finished-at="2020-07-11T12:28:24 IST">
      <class name="qaclickacademy.AppiumTest">
        <test-method status="PASS" signature="IOSApps()[pri:0, instance:qaclickacademy.AppiumTest@4566e5bd]" name="IOSApps" duration-ms="5" started-at="2020-07-11T12:28:24 IST" finished-at="2020-07-11T12:28:24 IST">
          <reporter-output>
          </reporter-output>
        </test-method> <!-- IOSApps -->
        <test-method status="PASS" signature="NativeAPpAndroid()[pri:0, instance:qaclickacademy.AppiumTest@4566e5bd]" name="NativeAPpAndroid" duration-ms="1" started-at="2020-07-11T12:28:24 IST" finished-at="2020-07-11T12:28:24 IST">
          <reporter-output>
          </reporter-output>
        </test-method> <!-- NativeAPpAndroid -->
      </class> <!-- qaclickacademy.AppiumTest -->
      <class name="qaclickacademy.SeleniumTest">
        <test-method status="PASS" signature="BrowserAUtomation()[pri:0, instance:qaclickacademy.SeleniumTest@1ed4004b]" name="BrowserAUtomation" duration-ms="1" started-at="2020-07-11T12:28:24 IST" finished-at="2020-07-11T12:28:24 IST">
          <reporter-output>
          </reporter-output>
        </test-method> <!-- BrowserAUtomation -->
        <test-method status="PASS" signature="elementsUi()[pri:0, instance:qaclickacademy.SeleniumTest@1ed4004b]" name="elementsUi" duration-ms="0" started-at="2020-07-11T12:28:24 IST" finished-at="2020-07-11T12:28:24 IST">
          <reporter-output>
          </reporter-output>
        </test-method> <!-- elementsUi -->
      </class> <!-- qaclickacademy.SeleniumTest -->
    </test> <!-- Test -->
  </suite> <!-- Suite -->
</testng-results>
